Base path: D:/Unity/Editor/Data
Pipe name: \\.\pipe\UnityShaderCompiler-64bit-1-5884
Cmd: getPlatforms
Cmd: compileSnippet
  api=4 type=0 insize=706 outsize=1006 kw= pd= ok=1
Cmd: compileSnippet
  api=4 type=1 insize=706 outsize=1404 kw= pd= ok=1
Cmd: compileSnippet
  api=4 type=0 insize=905 outsize=1087 kw= pd= ok=1
Cmd: compileSnippet
  api=4 type=1 insize=905 outsize=754 kw= pd= ok=1
Cmd: compileSnippet
  api=4 type=0 insize=860 outsize=1087 kw= pd= ok=1
Cmd: compileSnippet
  api=4 type=1 insize=860 outsize=616 kw= pd= ok=1
Cmd: compileSnippet
  api=4 type=0 insize=771 outsize=1006 kw= pd= ok=1
Cmd: compileSnippet
  api=4 type=1 insize=771 outsize=835 kw= pd= ok=1
Cmd: compileSnippet
  api=4 type=0 insize=1096 outsize=1006 kw= pd= ok=1
Cmd: compileSnippet
  api=4 type=1 insize=1096 outsize=1371 kw= pd= ok=1
Cmd: compileSnippet
  api=4 type=0 insize=1328 outsize=1006 kw= pd= ok=1
Cmd: compileSnippet
  api=4 type=1 insize=1328 outsize=1225 kw= pd= ok=1
Cmd: compileSnippet
  api=4 type=0 insize=3766 outsize=1006 kw= pd= ok=1
Cmd: compileSnippet
  api=4 type=1 insize=3766 outsize=1615 kw= pd= ok=1
Cmd: compileSnippet
  api=4 type=0 insize=617 outsize=843 kw= pd= ok=1
Cmd: compileSnippet
  api=4 type=1 insize=617 outsize=453 kw= pd= ok=1
Cmd: compileSnippet
  api=4 type=0 insize=3768 outsize=1249 kw= pd= ok=1
Cmd: compileSnippet
  api=4 type=1 insize=3768 outsize=1201 kw= pd= ok=1
Cmd: compileSnippet
  api=4 type=0 insize=3761 outsize=1006 kw= pd= ok=1
Cmd: compileSnippet
  api=4 type=1 insize=3761 outsize=1144 kw= pd= ok=1
Cmd: compileSnippet
  api=4 type=0 insize=1338 outsize=1006 kw= pd= ok=1
Cmd: compileSnippet
  api=4 type=1 insize=1338 outsize=616 kw= pd= ok=1
Cmd: compileSnippet
  api=4 type=0 insize=1347 outsize=1574 kw= pd= ok=1
Cmd: compileSnippet
  api=4 type=1 insize=1347 outsize=1956 kw= pd= ok=1
